[debug] [2024-03-27T04:50:29.117Z] ----------------------------------------------------------------------
[debug] [2024-03-27T04:50:29.120Z] Command:       C:\Program Files\nodejs\node.exe C:\Users\Ryan\AppData\Roaming\npm\node_modules\firebase-tools\lib\bin\firebase.js deploy
[debug] [2024-03-27T04:50:29.120Z] CLI Version:   13.5.0
[debug] [2024-03-27T04:50:29.121Z] Platform:      win32
[debug] [2024-03-27T04:50:29.121Z] Node Version:  v21.7.1
[debug] [2024-03-27T04:50:29.121Z] Time:          Tue Mar 26 2024 21:50:29 GMT-0700 (Pacific Daylight Time)
[debug] [2024-03-27T04:50:29.121Z] ----------------------------------------------------------------------
[debug] 
[debug] [2024-03-27T04:50:29.220Z] > command requires scopes: ["email","openid","https://www.googleapis.com/auth/cloudplatformprojects.readonly","https://www.googleapis.com/auth/firebase","https://www.googleapis.com/auth/cloud-platform"]
[debug] [2024-03-27T04:50:29.220Z] > authorizing via signed-in user (ryanly246@gmail.com)
[debug] [2024-03-27T04:50:29.220Z] [iam] checking project cmpt-474-cdc96 for permissions ["firebase.projects.get","firebasehosting.sites.update"]
[debug] [2024-03-27T04:50:29.223Z] >>> [apiv2][query] POST https://cloudresourcemanager.googleapis.com/v1/projects/cmpt-474-cdc96:testIamPermissions [none]
[debug] [2024-03-27T04:50:29.223Z] >>> [apiv2][(partial)header] POST https://cloudresourcemanager.googleapis.com/v1/projects/cmpt-474-cdc96:testIamPermissions x-goog-quota-user=projects/cmpt-474-cdc96
[debug] [2024-03-27T04:50:29.223Z] >>> [apiv2][body] POST https://cloudresourcemanager.googleapis.com/v1/projects/cmpt-474-cdc96:testIamPermissions {"permissions":["firebase.projects.get","firebasehosting.sites.update"]}
[debug] [2024-03-27T04:50:29.560Z] <<< [apiv2][status] POST https://cloudresourcemanager.googleapis.com/v1/projects/cmpt-474-cdc96:testIamPermissions 200
[debug] [2024-03-27T04:50:29.560Z] <<< [apiv2][body] POST https://cloudresourcemanager.googleapis.com/v1/projects/cmpt-474-cdc96:testIamPermissions {}
[debug] [2024-03-27T04:50:29.561Z] [iam] error while checking permissions, command may fail: FirebaseError: Authorization failed. This account is missing the following required permissions on project cmpt-474-cdc96:

  firebase.projects.get
  firebasehosting.sites.update
[debug] [2024-03-27T04:50:29.561Z] >>> [apiv2][query] GET https://firebase.googleapis.com/v1beta1/projects/cmpt-474-cdc96 [none]
[debug] [2024-03-27T04:50:29.758Z] <<< [apiv2][status] GET https://firebase.googleapis.com/v1beta1/projects/cmpt-474-cdc96 403
[debug] [2024-03-27T04:50:29.758Z] <<< [apiv2][body] GET https://firebase.googleapis.com/v1beta1/projects/cmpt-474-cdc96 {"error":{"code":403,"message":"The caller does not have permission","status":"PERMISSION_DENIED"}}
[debug] [2024-03-27T04:50:29.759Z] HTTP Error: 403, The caller does not have permission
[error] 
[error] Error: Assertion failed: resolving hosting target of a site with no site name or target name. This should have caused an error earlier
